<?xml version="1.0" encoding="UTF-8"?>
<testsuite name="challenge.SubmitTest" tests="6" skipped="0" failures="0" errors="0" timestamp="2020-04-19T05:42:36" hostname="DESKTOP-1RH5UI9" time="3.196">
  <properties/>
  <testcase name="q1" classname="challenge.SubmitTest" time="0.93"/>
  <testcase name="q2" classname="challenge.SubmitTest" time="0.59"/>
  <testcase name="q3" classname="challenge.SubmitTest" time="0.417"/>
  <testcase name="q4" classname="challenge.SubmitTest" time="0.428"/>
  <testcase name="q5" classname="challenge.SubmitTest" time="0.416"/>
  <testcase name="q6" classname="challenge.SubmitTest" time="0.412"/>
  <system-out><![CDATA[]]></system-out>
  <system-err><![CDATA[]]></system-err>
</testsuite>
