<?xml version="1.0" encoding="UTF-8"?>
<testsuite name="br.com.codenation.service.OrderServiceTest" tests="4" skipped="0" failures="0" errors="0" timestamp="2020-04-26T03:17:27" hostname="DESKTOP-1RH5UI9" time="0.024">
  <properties/>
  <testcase name="testCalculateMultipleOrders" classname="br.com.codenation.service.OrderServiceTest" time="0.017"/>
  <testcase name="testGroupProducts" classname="br.com.codenation.service.OrderServiceTest" time="0.004"/>
  <testcase name="testFindProductsById" classname="br.com.codenation.service.OrderServiceTest" time="0.002"/>
  <testcase name="testCalculateOrderValue" classname="br.com.codenation.service.OrderServiceTest" time="0.0"/>
  <system-out><![CDATA[]]></system-out>
  <system-err><![CDATA[]]></system-err>
</testsuite>
